<?xml version="1.0" encoding="UTF-8"?>
<!-- Generated by org.testng.reporters.JUnitXMLReporter -->
<testsuite ignored="4" hostname="CAMBROSIA-VM" failures="0" tests="6" name="Spok CTI Client - Regression" time="1551.59" errors="0" timestamp="2021-06-29T07:15:46 PDT">
  <testcase classname="winapp.cti.qa.testcases.phonecontrol.TransferCallTest" name="transferCall" time="316.858"/>
  <testcase classname="winapp.cti.qa.testcases.phonecontrol.TransferCallTest" name="transferCall" time="153.672"/>
  <testcase classname="winapp.cti.qa.testcases.phonecontrol.BlindTransferCallTest" name="transferCall" time="287.191"/>
  <testcase classname="winapp.cti.qa.testcases.phonecontrol.BlindTransferCallTest" name="transferCall" time="127.956"/>
  <testcase classname="winapp.cti.qa.testcases.phonecontrol.ConferenceCallTest" name="transferCall" time="365.212"/>
  <testcase classname="winapp.cti.qa.testcases.phonecontrol.ConferenceCallTest" name="transferCall" time="236.493"/>
  <testcase classname="winapp.cti.qa.base.TestBase" name="@AfterSuite afterSuite" time="0.0">
    <ignored/>
  </testcase> <!-- @AfterSuite afterSuite -->
  <testcase classname="winapp.cti.qa.base.TestBase" name="@AfterSuite afterSuite" time="0.0">
    <ignored/>
  </testcase> <!-- @AfterSuite afterSuite -->
  <testcase classname="winapp.cti.qa.base.TestBase" name="@BeforeSuite beforeSuite" time="0.0">
    <ignored/>
  </testcase> <!-- @BeforeSuite beforeSuite -->
  <testcase classname="winapp.cti.qa.base.TestBase" name="@BeforeSuite beforeSuite" time="0.0">
    <ignored/>
  </testcase> <!-- @BeforeSuite beforeSuite -->
</testsuite> <!-- Spok CTI Client - Regression -->
